Performing C SOURCE FILE Test CMAKE_HAVE_LIBC_PTHREAD failed with the following output:
Change Dir: /home/kookie/Documents/Documents/Faks/semestar_9/RG/lab_1/cmake-build-debug/CMakeFiles/CMakeTmp

Run Build Command(s):/usr/bin/make cmTC_eaad6/fast && /usr/bin/make  -f CMakeFiles/cmTC_eaad6.dir/build.make CMakeFiles/cmTC_eaad6.dir/build
make[1]: Entering directory '/home/kookie/Documents/Documents/Faks/semestar_9/RG/lab_1/cmake-build-debug/CMakeFiles/CMakeTmp'
Building C object CMakeFiles/cmTC_eaad6.dir/src.c.o
/usr/bin/cc   -DCMAKE_HAVE_LIBC_PTHREAD   -o CMakeFiles/cmTC_eaad6.dir/src.c.o   -c /home/kookie/Documents/Documents/Faks/semestar_9/RG/lab_1/cmake-build-debug/CMakeFiles/CMakeTmp/src.c
Linking C executable cmTC_eaad6
/snap/clion/129/bin/cmake/linux/bin/cmake -E cmake_link_script CMakeFiles/cmTC_eaad6.dir/link.txt --verbose=1
/usr/bin/cc  -DCMAKE_HAVE_LIBC_PTHREAD    -rdynamic CMakeFiles/cmTC_eaad6.dir/src.c.o  -o cmTC_eaad6 
CMakeFiles/cmTC_eaad6.dir/src.c.o: In function `main':
src.c:(.text+0x3e): undefined reference to `pthread_create'
src.c:(.text+0x4a): undefined reference to `pthread_detach'
src.c:(.text+0x56): undefined reference to `pthread_cancel'
src.c:(.text+0x67): undefined reference to `pthread_join'
src.c:(.text+0x7b): undefined reference to `pthread_atfork'
collect2: error: ld returned 1 exit status
CMakeFiles/cmTC_eaad6.dir/build.make:106: recipe for target 'cmTC_eaad6' failed
make[1]: *** [cmTC_eaad6] Error 1
make[1]: Leaving directory '/home/kookie/Documents/Documents/Faks/semestar_9/RG/lab_1/cmake-build-debug/CMakeFiles/CMakeTmp'
Makefile:141: recipe for target 'cmTC_eaad6/fast' failed
make: *** [cmTC_eaad6/fast] Error 2


Source file was:
#include <pthread.h>

void* test_func(void* data)
{
  return data;
}

int main(void)
{
  pthread_t thread;
  pthread_create(&thread, NULL, test_func, NULL);
  pthread_detach(thread);
  pthread_cancel(thread);
  pthread_join(thread, NULL);
  pthread_atfork(NULL, NULL, NULL);
  pthread_exit(NULL);

  return 0;
}

Determining if the function pthread_create exists in the pthreads failed with the following output:
Change Dir: /home/kookie/Documents/Documents/Faks/semestar_9/RG/lab_1/cmake-build-debug/CMakeFiles/CMakeTmp

Run Build Command(s):/usr/bin/make cmTC_0f44d/fast && /usr/bin/make  -f CMakeFiles/cmTC_0f44d.dir/build.make CMakeFiles/cmTC_0f44d.dir/build
make[1]: Entering directory '/home/kookie/Documents/Documents/Faks/semestar_9/RG/lab_1/cmake-build-debug/CMakeFiles/CMakeTmp'
Building C object CMakeFiles/cmTC_0f44d.dir/CheckFunctionExists.c.o
/usr/bin/cc   -DCHECK_FUNCTION_EXISTS=pthread_create   -o CMakeFiles/cmTC_0f44d.dir/CheckFunctionExists.c.o   -c /snap/clion/129/bin/cmake/linux/share/cmake-3.17/Modules/CheckFunctionExists.c
Linking C executable cmTC_0f44d
/snap/clion/129/bin/cmake/linux/bin/cmake -E cmake_link_script CMakeFiles/cmTC_0f44d.dir/link.txt --verbose=1
/usr/bin/cc  -DCHECK_FUNCTION_EXISTS=pthread_create    -rdynamic CMakeFiles/cmTC_0f44d.dir/CheckFunctionExists.c.o  -o cmTC_0f44d  -lpthreads 
/usr/bin/ld: cannot find -lpthreads
collect2: error: ld returned 1 exit status
CMakeFiles/cmTC_0f44d.dir/build.make:106: recipe for target 'cmTC_0f44d' failed
make[1]: *** [cmTC_0f44d] Error 1
make[1]: Leaving directory '/home/kookie/Documents/Documents/Faks/semestar_9/RG/lab_1/cmake-build-debug/CMakeFiles/CMakeTmp'
Makefile:141: recipe for target 'cmTC_0f44d/fast' failed
make: *** [cmTC_0f44d/fast] Error 2



